<?xml version="1.0" encoding="UTF-8"?>
<!-- Generated by org.testng.reporters.JUnitReportReporter -->
<testsuite hostname="hp-PC" name="com.qa.test.Demo_Test" tests="4" failures="0" timestamp="24 Jul 2018 18:16:47 GMT" time="0.031" errors="0">
  <testcase name="Sub" time="0.003" classname="com.qa.test.Demo_Test"/>
  <testcase name="Div" time="0.021" classname="com.qa.test.Demo_Test"/>
  <testcase name="Mul" time="0.004" classname="com.qa.test.Demo_Test"/>
  <testcase name="sum" time="0.003" classname="com.qa.test.Demo_Test"/>
</testsuite> <!-- com.qa.test.Demo_Test -->
