<?xml version="1.0" encoding="UTF-8"?>
<!-- Generated by org.testng.reporters.JUnitReportReporter -->
<testsuite hostname="hp-PC" name="com.qa.test.Demo_Test" tests="4" failures="0" timestamp="24 Jul 2018 17:34:50 GMT" time="0.028" errors="0">
  <testcase name="Div" time="0.028" classname="com.qa.test.Demo_Test"/>
  <testcase name="Mul" time="0.000" classname="com.qa.test.Demo_Test"/>
  <testcase name="Sub" time="0.000" classname="com.qa.test.Demo_Test"/>
  <testcase name="sum" time="0.000" classname="com.qa.test.Demo_Test"/>
</testsuite> <!-- com.qa.test.Demo_Test -->
